<?xml version="1.0" encoding="UTF-8"?>
<!-- Generated by org.testng.reporters.JUnitReportReporter -->
<testsuite hostname="Sreekanth" failures="0" tests="2" name="sreekanthrachakonda.tests.ErrorValidationsTest" time="13.120" errors="0" timestamp="2024-10-22T14:45:54 EDT" skipped="0">
  <testcase classname="sreekanthrachakonda.tests.ErrorValidationsTest" name="ProductErrorValidation" time="7.850"/>
  <testcase classname="sreekanthrachakonda.tests.ErrorValidationsTest" name="LoginErrorValidation" time="5.270"/>
</testsuite> <!-- sreekanthrachakonda.tests.ErrorValidationsTest -->
