<?xml version="1.0" encoding="UTF-8"?>
<!-- Generated by org.testng.reporters.JUnitReportReporter -->
<testsuite hostname="Sreekanth" failures="0" tests="2" name="sreekanthrachakonda.tests.ErrorValidationsTest" time="16.308" errors="0" timestamp="2024-10-30T14:08:15 EDT" skipped="0">
  <testcase classname="sreekanthrachakonda.tests.ErrorValidationsTest" name="ProductErrorValidation" time="7.439"/>
  <testcase classname="sreekanthrachakonda.tests.ErrorValidationsTest" name="LoginErrorValidation" time="8.869"/>
</testsuite> <!-- sreekanthrachakonda.tests.ErrorValidationsTest -->
